Started GET "/" for 127.0.0.1 at 2024-04-13 12:33:57 -0300
  [1m[35m (3.6ms)[0m  [1m[35mCREATE TABLE "schema_migrations" ("version" varchar NOT NULL PRIMARY KEY)[0m
  [1m[35m (0.5ms)[0m  [1m[35mCREATE TABLE "ar_internal_metadata" ("key" varchar NOT NULL PRIMARY KEY, "value" varchar, "created_at" datetime(6) NOT NULL, "updated_at" datetime(6) NOT NULL)[0m
  [1m[36mActiveRecord::SchemaMigration Load (0.1ms)[0m  [1m[34mSELECT "schema_migrations"."version" FROM "schema_migrations" ORDER BY "schema_migrations"."version" ASC[0m
Processing by Rails::WelcomeController#index as HTML
  Rendering /home/leonardo/.asdf/installs/ruby/3.3.0/lib/ruby/gems/3.3.0/gems/railties-7.1.3.2/lib/rails/templates/rails/welcome/index.html.erb
  Rendered /home/leonardo/.asdf/installs/ruby/3.3.0/lib/ruby/gems/3.3.0/gems/railties-7.1.3.2/lib/rails/templates/rails/welcome/index.html.erb (Duration: 0.4ms | Allocations: 374)
Completed 200 OK in 8ms (Views: 3.0ms | ActiveRecord: 0.0ms | Allocations: 7754)


Started GET "/" for 127.0.0.1 at 2024-04-13 12:43:11 -0300
Processing by Rails::WelcomeController#index as HTML
  Rendering /home/leonardo/.asdf/installs/ruby/3.3.0/lib/ruby/gems/3.3.0/gems/railties-7.1.3.2/lib/rails/templates/rails/welcome/index.html.erb
  Rendered /home/leonardo/.asdf/installs/ruby/3.3.0/lib/ruby/gems/3.3.0/gems/railties-7.1.3.2/lib/rails/templates/rails/welcome/index.html.erb (Duration: 0.3ms | Allocations: 262)
Completed 200 OK in 1ms (Views: 0.8ms | ActiveRecord: 0.0ms | Allocations: 909)


Started GET "/article" for 127.0.0.1 at 2024-04-13 12:44:06 -0300
  
ActionController::RoutingError (No route matches [GET] "/article"):
  
Started GET "/articles" for 127.0.0.1 at 2024-04-13 12:44:09 -0300
Processing by ArticlesController#index as HTML
  Rendering layout layouts/application.html.erb
  Rendering articles/index.html.erb within layouts/application
  Rendered articles/index.html.erb within layouts/application (Duration: 0.3ms | Allocations: 94)
  Rendered layout layouts/application.html.erb (Duration: 235.2ms | Allocations: 97512)
Completed 200 OK in 238ms (Views: 236.7ms | ActiveRecord: 0.0ms | Allocations: 98431)


Started GET "/articles" for 127.0.0.1 at 2024-04-13 12:44:55 -0300
Processing by ArticlesController#index as HTML
  Rendering layout layouts/application.html.erb
  Rendering articles/index.html.erb within layouts/application
  Rendered articles/index.html.erb within layouts/application (Duration: 0.1ms | Allocations: 95)
  Rendered layout layouts/application.html.erb (Duration: 9.5ms | Allocations: 17385)
Completed 200 OK in 10ms (Views: 10.1ms | ActiveRecord: 0.0ms | Allocations: 18304)


Started GET "/" for 127.0.0.1 at 2024-04-13 12:51:50 -0300
  [1m[36mActiveRecord::SchemaMigration Load (0.0ms)[0m  [1m[34mSELECT "schema_migrations"."version" FROM "schema_migrations" ORDER BY "schema_migrations"."version" ASC[0m
  
ActiveRecord::PendingMigrationError (

Migrations are pending. To resolve this issue, run:

        bin/rails db:migrate

You have 1 pending migration:

db/migrate/20240413154956_create_posts.rb


):
  
activerecord (7.1.3.2) lib/active_record/migration.rb:755:in `check_pending_migrations'
activerecord (7.1.3.2) lib/active_record/migration.rb:644:in `block (2 levels) in call'
activesupport (7.1.3.2) lib/active_support/file_update_checker.rb:85:in `execute'
activesupport (7.1.3.2) lib/active_support/file_update_checker.rb:95:in `execute_if_updated'
activerecord (7.1.3.2) lib/active_record/migration.rb:651:in `block in call'
activerecord (7.1.3.2) lib/active_record/migration.rb:641:in `synchronize'
activerecord (7.1.3.2) lib/active_record/migration.rb:641:in `call'
actionpack (7.1.3.2) lib/action_dispatch/middleware/callbacks.rb:29:in `block in call'
activesupport (7.1.3.2) lib/active_support/callbacks.rb:101:in `run_callbacks'
actionpack (7.1.3.2) lib/action_dispatch/middleware/callbacks.rb:28:in `call'
actionpack (7.1.3.2) lib/action_dispatch/middleware/executor.rb:14:in `call'
actionpack (7.1.3.2) lib/action_dispatch/middleware/actionable_exceptions.rb:16:in `call'
actionpack (7.1.3.2) lib/action_dispatch/middleware/debug_exceptions.rb:29:in `call'
web-console (4.2.1) lib/web_console/middleware.rb:132:in `call_app'
web-console (4.2.1) lib/web_console/middleware.rb:28:in `block in call'
web-console (4.2.1) lib/web_console/middleware.rb:17:in `catch'
web-console (4.2.1) lib/web_console/middleware.rb:17:in `call'
actionpack (7.1.3.2) lib/action_dispatch/middleware/show_exceptions.rb:31:in `call'
railties (7.1.3.2) lib/rails/rack/logger.rb:37:in `call_app'
railties (7.1.3.2) lib/rails/rack/logger.rb:24:in `block in call'
activesupport (7.1.3.2) lib/active_support/tagged_logging.rb:135:in `block in tagged'
activesupport (7.1.3.2) lib/active_support/tagged_logging.rb:39:in `tagged'
activesupport (7.1.3.2) lib/active_support/tagged_logging.rb:135:in `tagged'
activesupport (7.1.3.2) lib/active_support/broadcast_logger.rb:240:in `method_missing'
railties (7.1.3.2) lib/rails/rack/logger.rb:24:in `call'
sprockets-rails (3.4.2) lib/sprockets/rails/quiet_assets.rb:13:in `call'
actionpack (7.1.3.2) lib/action_dispatch/middleware/remote_ip.rb:92:in `call'
actionpack (7.1.3.2) lib/action_dispatch/middleware/request_id.rb:28:in `call'
rack (3.0.10) lib/rack/method_override.rb:28:in `call'
rack (3.0.10) lib/rack/runtime.rb:24:in `call'
activesupport (7.1.3.2) lib/active_support/cache/strategy/local_cache_middleware.rb:29:in `call'
actionpack (7.1.3.2) lib/action_dispatch/middleware/server_timing.rb:59:in `block in call'
actionpack (7.1.3.2) lib/action_dispatch/middleware/server_timing.rb:24:in `collect_events'
actionpack (7.1.3.2) lib/action_dispatch/middleware/server_timing.rb:58:in `call'
actionpack (7.1.3.2) lib/action_dispatch/middleware/executor.rb:14:in `call'
actionpack (7.1.3.2) lib/action_dispatch/middleware/static.rb:25:in `call'
rack (3.0.10) lib/rack/sendfile.rb:114:in `call'
actionpack (7.1.3.2) lib/action_dispatch/middleware/host_authorization.rb:141:in `call'
railties (7.1.3.2) lib/rails/engine.rb:536:in `call'
puma (6.4.2) lib/puma/configuration.rb:272:in `call'
puma (6.4.2) lib/puma/request.rb:100:in `block in handle_request'
puma (6.4.2) lib/puma/thread_pool.rb:378:in `with_force_shutdown'
puma (6.4.2) lib/puma/request.rb:99:in `handle_request'
puma (6.4.2) lib/puma/server.rb:464:in `process_client'
puma (6.4.2) lib/puma/server.rb:245:in `block in run'
puma (6.4.2) lib/puma/thread_pool.rb:155:in `block in spawn_thread'
  [1m[36mActiveRecord::InternalMetadata Load (0.1ms)[0m  [1m[34mSELECT * FROM "ar_internal_metadata" WHERE "ar_internal_metadata"."key" = ? ORDER BY "ar_internal_metadata"."key" ASC LIMIT 1[0m  [[nil, "environment"]]
  [1m[36mActiveRecord::InternalMetadata Create (5.7ms)[0m  [1m[32mINSERT INTO "ar_internal_metadata" ("key", "value", "created_at", "updated_at") VALUES ('environment', 'development', '2024-04-13 15:53:17.978226', '2024-04-13 15:53:17.978229') RETURNING "key"[0m
  [1m[36mActiveRecord::SchemaMigration Load (0.0ms)[0m  [1m[34mSELECT "schema_migrations"."version" FROM "schema_migrations" ORDER BY "schema_migrations"."version" ASC[0m
Migrating to CreatePosts (20240413154956)
  [1m[36mTRANSACTION (0.0ms)[0m  [1m[36mbegin transaction[0m
  [1m[35m (0.5ms)[0m  [1m[35mCREATE TABLE "posts" ("id" integer PRIMARY KEY AUTOINCREMENT NOT NULL, "title" varchar, "description" varchar, "text" varchar, "created_at" datetime(6) NOT NULL, "updated_at" datetime(6) NOT NULL)[0m
  [1m[36mActiveRecord::SchemaMigration Create (0.0ms)[0m  [1m[32mINSERT INTO "schema_migrations" ("version") VALUES ('20240413154956') RETURNING "version"[0m
  [1m[36mTRANSACTION (0.0ms)[0m  [1m[36mcommit transaction[0m
  [1m[36mActiveRecord::SchemaMigration Load (0.0ms)[0m  [1m[34mSELECT "schema_migrations"."version" FROM "schema_migrations" ORDER BY "schema_migrations"."version" ASC[0m
Started GET "/" for 127.0.0.1 at 2024-04-13 12:54:16 -0300
  [1m[36mActiveRecord::SchemaMigration Load (0.0ms)[0m  [1m[34mSELECT "schema_migrations"."version" FROM "schema_migrations" ORDER BY "schema_migrations"."version" ASC[0m
Processing by Rails::WelcomeController#index as HTML
  Rendering /home/leonardo/.asdf/installs/ruby/3.3.0/lib/ruby/gems/3.3.0/gems/railties-7.1.3.2/lib/rails/templates/rails/welcome/index.html.erb
  Rendered /home/leonardo/.asdf/installs/ruby/3.3.0/lib/ruby/gems/3.3.0/gems/railties-7.1.3.2/lib/rails/templates/rails/welcome/index.html.erb (Duration: 0.4ms | Allocations: 264)
Completed 200 OK in 2ms (Views: 1.0ms | ActiveRecord: 0.0ms | Allocations: 907)


Started GET "/posts" for 127.0.0.1 at 2024-04-13 12:54:32 -0300
Processing by PostsController#index as HTML
  Rendering layout layouts/application.html.erb
  Rendering posts/index.html.erb within layouts/application
  [1m[36mPost Load (0.0ms)[0m  [1m[34mSELECT "posts".* FROM "posts"[0m
  ↳ app/views/posts/index.html.erb:6
  Rendered posts/index.html.erb within layouts/application (Duration: 1.5ms | Allocations: 1396)
  Rendered layout layouts/application.html.erb (Duration: 6.6ms | Allocations: 16189)
Completed 200 OK in 18ms (Views: 6.6ms | ActiveRecord: 0.7ms | Allocations: 25847)


Started GET "/posts/new" for 127.0.0.1 at 2024-04-13 12:55:05 -0300
Processing by PostsController#new as HTML
  Rendering layout layouts/application.html.erb
  Rendering posts/new.html.erb within layouts/application
  Rendered posts/_form.html.erb (Duration: 2.5ms | Allocations: 2379)
  Rendered posts/new.html.erb within layouts/application (Duration: 2.9ms | Allocations: 2666)
  Rendered layout layouts/application.html.erb (Duration: 3.7ms | Allocations: 3759)
Completed 200 OK in 25ms (Views: 3.9ms | ActiveRecord: 0.8ms | Allocations: 23877)


Started GET "/posts/new" for 127.0.0.1 at 2024-04-13 12:55:06 -0300
Processing by PostsController#new as HTML
  Rendering layout layouts/application.html.erb
  Rendering posts/new.html.erb within layouts/application
  Rendered posts/_form.html.erb (Duration: 3.0ms | Allocations: 914)
  Rendered posts/new.html.erb within layouts/application (Duration: 3.5ms | Allocations: 993)
  Rendered layout layouts/application.html.erb (Duration: 6.1ms | Allocations: 2077)
Completed 200 OK in 8ms (Views: 6.9ms | ActiveRecord: 0.0ms | Allocations: 2345)


Started GET "/posts" for 127.0.0.1 at 2024-04-13 12:55:10 -0300
Processing by PostsController#index as HTML
  Rendering layout layouts/application.html.erb
  Rendering posts/index.html.erb within layouts/application
  [1m[36mPost Load (0.1ms)[0m  [1m[34mSELECT "posts".* FROM "posts"[0m
  ↳ app/views/posts/index.html.erb:6
  Rendered posts/index.html.erb within layouts/application (Duration: 2.4ms | Allocations: 608)
  Rendered layout layouts/application.html.erb (Duration: 7.3ms | Allocations: 1692)
Completed 200 OK in 9ms (Views: 7.9ms | ActiveRecord: 0.1ms | Allocations: 1952)


Started GET "/posts/new" for 127.0.0.1 at 2024-04-13 12:55:12 -0300
Processing by PostsController#new as HTML
  Rendering layout layouts/application.html.erb
  Rendering posts/new.html.erb within layouts/application
  Rendered posts/_form.html.erb (Duration: 0.8ms | Allocations: 929)
  Rendered posts/new.html.erb within layouts/application (Duration: 1.0ms | Allocations: 1008)
  Rendered layout layouts/application.html.erb (Duration: 1.7ms | Allocations: 2090)
Completed 200 OK in 2ms (Views: 2.0ms | ActiveRecord: 0.0ms | Allocations: 2353)


Started GET "/posts" for 127.0.0.1 at 2024-04-13 12:55:13 -0300
Processing by PostsController#index as HTML
  Rendering layout layouts/application.html.erb
  Rendering posts/index.html.erb within layouts/application
  [1m[36mPost Load (0.2ms)[0m  [1m[34mSELECT "posts".* FROM "posts"[0m
  ↳ app/views/posts/index.html.erb:6
  Rendered posts/index.html.erb within layouts/application (Duration: 3.1ms | Allocations: 613)
  Rendered layout layouts/application.html.erb (Duration: 6.8ms | Allocations: 1696)
Completed 200 OK in 8ms (Views: 7.5ms | ActiveRecord: 0.2ms | Allocations: 1956)


Started GET "/posts" for 127.0.0.1 at 2024-04-13 12:55:41 -0300
Processing by PostsController#index as HTML
  Rendering layout layouts/application.html.erb
  Rendering posts/index.html.erb within layouts/application
  [1m[36mPost Load (0.1ms)[0m  [1m[34mSELECT "posts".* FROM "posts"[0m
  ↳ app/views/posts/index.html.erb:6
  Rendered posts/index.html.erb within layouts/application (Duration: 1.9ms | Allocations: 604)
  Rendered layout layouts/application.html.erb (Duration: 9.8ms | Allocations: 1688)
Completed 200 OK in 11ms (Views: 10.3ms | ActiveRecord: 0.1ms | Allocations: 1944)


Started GET "/posts" for 127.0.0.1 at 2024-04-13 12:55:51 -0300
Processing by PostsController#index as HTML
  Rendering layout layouts/application.html.erb
  Rendering posts/index.html.erb within layouts/application
  [1m[36mPost Load (0.0ms)[0m  [1m[34mSELECT "posts".* FROM "posts"[0m
  ↳ app/views/posts/index.html.erb:6
  Rendered posts/index.html.erb within layouts/application (Duration: 4.6ms | Allocations: 1232)
  Rendered layout layouts/application.html.erb (Duration: 17.5ms | Allocations: 16040)
Completed 200 OK in 30ms (Views: 18.2ms | ActiveRecord: 0.7ms | Allocations: 17778)


Started GET "/posts" for 127.0.0.1 at 2024-04-13 12:55:51 -0300
Processing by PostsController#index as HTML
  Rendering layout layouts/application.html.erb
  Rendering posts/index.html.erb within layouts/application
  [1m[36mPost Load (0.1ms)[0m  [1m[34mSELECT "posts".* FROM "posts"[0m
  ↳ app/views/posts/index.html.erb:6
  Rendered posts/index.html.erb within layouts/application (Duration: 2.4ms | Allocations: 595)
  Rendered layout layouts/application.html.erb (Duration: 7.7ms | Allocations: 1681)
Completed 200 OK in 9ms (Views: 8.6ms | ActiveRecord: 0.1ms | Allocations: 1937)


Started GET "/posts" for 127.0.0.1 at 2024-04-13 12:56:11 -0300
Processing by PostsController#index as HTML
  Rendering layout layouts/application.html.erb
  Rendering posts/index.html.erb within layouts/application
  [1m[36mPost Load (0.0ms)[0m  [1m[34mSELECT "posts".* FROM "posts"[0m
  ↳ app/views/posts/index.html.erb:6
  Rendered posts/index.html.erb within layouts/application (Duration: 0.8ms | Allocations: 601)
  Rendered layout layouts/application.html.erb (Duration: 1.8ms | Allocations: 1684)
Completed 200 OK in 2ms (Views: 2.0ms | ActiveRecord: 0.0ms | Allocations: 1939)


Started GET "/posts/new" for 127.0.0.1 at 2024-04-13 12:56:13 -0300
Processing by PostsController#new as HTML
  Rendering layout layouts/application.html.erb
  Rendering posts/new.html.erb within layouts/application
  Rendered posts/_form.html.erb (Duration: 2.7ms | Allocations: 1351)
  Rendered posts/new.html.erb within layouts/application (Duration: 4.1ms | Allocations: 1631)
  Rendered layout layouts/application.html.erb (Duration: 5.4ms | Allocations: 2713)
Completed 200 OK in 14ms (Views: 6.0ms | ActiveRecord: 0.9ms | Allocations: 5836)


Started POST "/posts" for 127.0.0.1 at 2024-04-13 12:56:38 -0300
Processing by PostsController#create as TURBO_STREAM
  Parameters: {"authenticity_token"=>"[FILTERED]", "post"=>{"title"=>"Ruby on Rails ", "description"=>"Cursos de Ruby na Dio", "text"=>"Nesse curso você terá uma introdução ao framework Rails!"}, "commit"=>"Create Post"}
  [1m[36mTRANSACTION (0.0ms)[0m  [1m[36mbegin transaction[0m
  ↳ app/controllers/posts_controller.rb:27:in `block in create'
  [1m[36mPost Create (0.5ms)[0m  [1m[32mINSERT INTO "posts" ("title", "description", "text", "created_at", "updated_at") VALUES (?, ?, ?, ?, ?) RETURNING "id"[0m  [["title", "Ruby on Rails "], ["description", "Cursos de Ruby na Dio"], ["text", "Nesse curso você terá uma introdução ao framework Rails!"], ["created_at", "2024-04-13 15:56:38.082655"], ["updated_at", "2024-04-13 15:56:38.082655"]]
  ↳ app/controllers/posts_controller.rb:27:in `block in create'
  [1m[36mTRANSACTION (3.5ms)[0m  [1m[36mcommit transaction[0m
  ↳ app/controllers/posts_controller.rb:27:in `block in create'
Redirected to http://localhost:3000/posts/1
Completed 302 Found in 6ms (ActiveRecord: 4.0ms | Allocations: 3449)


Started GET "/posts/1" for 127.0.0.1 at 2024-04-13 12:56:38 -0300
Processing by PostsController#show as TURBO_STREAM
  Parameters: {"id"=>"1"}
  [1m[36mPost Load (0.1ms)[0m  [1m[34mSELECT "posts".* FROM "posts" WHERE "posts"."id" = ? LIMIT ?[0m  [["id", 1], ["LIMIT", 1]]
  ↳ app/controllers/posts_controller.rb:63:in `set_post'
  Rendering layout layouts/application.html.erb
  Rendering posts/show.html.erb within layouts/application
  Rendered posts/_post.html.erb (Duration: 0.3ms | Allocations: 209)
  Rendered posts/show.html.erb within layouts/application (Duration: 4.7ms | Allocations: 1246)
  Rendered layout layouts/application.html.erb (Duration: 5.6ms | Allocations: 2335)
Completed 200 OK in 8ms (Views: 5.8ms | ActiveRecord: 0.1ms | Allocations: 5335)


Started GET "/posts/1/edit" for 127.0.0.1 at 2024-04-13 12:56:40 -0300
Processing by PostsController#edit as HTML
  Parameters: {"id"=>"1"}
  [1m[36mPost Load (0.1ms)[0m  [1m[34mSELECT "posts".* FROM "posts" WHERE "posts"."id" = ? LIMIT ?[0m  [["id", 1], ["LIMIT", 1]]
  ↳ app/controllers/posts_controller.rb:63:in `set_post'
  Rendering layout layouts/application.html.erb
  Rendering posts/edit.html.erb within layouts/application
  Rendered posts/_form.html.erb (Duration: 1.3ms | Allocations: 969)
  Rendered posts/edit.html.erb within layouts/application (Duration: 1.7ms | Allocations: 1222)
  Rendered layout layouts/application.html.erb (Duration: 3.8ms | Allocations: 2308)
Completed 200 OK in 5ms (Views: 4.3ms | ActiveRecord: 0.1ms | Allocations: 2995)


Started GET "/posts" for 127.0.0.1 at 2024-04-13 12:56:41 -0300
Processing by PostsController#index as HTML
  Rendering layout layouts/application.html.erb
  Rendering posts/index.html.erb within layouts/application
  [1m[36mPost Load (0.2ms)[0m  [1m[34mSELECT "posts".* FROM "posts"[0m
  ↳ app/views/posts/index.html.erb:6
  Rendered posts/_post.html.erb (Duration: 0.1ms | Allocations: 22)
  Rendered posts/index.html.erb within layouts/application (Duration: 3.2ms | Allocations: 744)
  Rendered layout layouts/application.html.erb (Duration: 6.3ms | Allocations: 1827)
Completed 200 OK in 8ms (Views: 7.0ms | ActiveRecord: 0.1ms | Allocations: 2083)


Started GET "/posts" for 127.0.0.1 at 2024-04-13 12:56:42 -0300
Processing by PostsController#index as HTML
  Rendering layout layouts/application.html.erb
  Rendering posts/index.html.erb within layouts/application
  [1m[36mPost Load (0.2ms)[0m  [1m[34mSELECT "posts".* FROM "posts"[0m
  ↳ app/views/posts/index.html.erb:6
  Rendered posts/_post.html.erb (Duration: 0.1ms | Allocations: 22)
  Rendered posts/index.html.erb within layouts/application (Duration: 3.2ms | Allocations: 758)
  Rendered layout layouts/application.html.erb (Duration: 6.7ms | Allocations: 1842)
Completed 200 OK in 8ms (Views: 7.4ms | ActiveRecord: 0.1ms | Allocations: 2099)


Started GET "/posts/1" for 127.0.0.1 at 2024-04-13 12:56:43 -0300
Processing by PostsController#show as HTML
  Parameters: {"id"=>"1"}
  [1m[36mPost Load (0.1ms)[0m  [1m[34mSELECT "posts".* FROM "posts" WHERE "posts"."id" = ? LIMIT ?[0m  [["id", 1], ["LIMIT", 1]]
  ↳ app/controllers/posts_controller.rb:63:in `set_post'
  Rendering layout layouts/application.html.erb
  Rendering posts/show.html.erb within layouts/application
  Rendered posts/_post.html.erb (Duration: 0.0ms | Allocations: 22)
  Rendered posts/show.html.erb within layouts/application (Duration: 0.7ms | Allocations: 434)
  Rendered layout layouts/application.html.erb (Duration: 1.7ms | Allocations: 1513)
Completed 200 OK in 3ms (Views: 2.0ms | ActiveRecord: 0.1ms | Allocations: 2132)


Started GET "/posts" for 127.0.0.1 at 2024-04-13 12:56:45 -0300
Processing by PostsController#index as HTML
  Rendering layout layouts/application.html.erb
  Rendering posts/index.html.erb within layouts/application
  [1m[36mPost Load (0.2ms)[0m  [1m[34mSELECT "posts".* FROM "posts"[0m
  ↳ app/views/posts/index.html.erb:6
  Rendered posts/_post.html.erb (Duration: 0.1ms | Allocations: 22)
  Rendered posts/index.html.erb within layouts/application (Duration: 3.2ms | Allocations: 743)
  Rendered layout layouts/application.html.erb (Duration: 6.5ms | Allocations: 1828)
Completed 200 OK in 8ms (Views: 7.3ms | ActiveRecord: 0.1ms | Allocations: 2085)


